
Mar 10, 2024 18:15:30.76 NEW SESSION
Mar 10, 2024 18:15:30.77 INFO: Created TensorFlow Lite XNNPACK delegate for CPU.
Mar 10, 2024 18:18:20.46 [2804:14856:0310/181820.462:ERROR:connection_factory_impl.cc(478)] ConnectionHandler failed with net error: -2
Mar 10, 2024 18:18:21.03 [2804:13420:0310/181821.031:ERROR:device_event_log_impl.cc(192)] [18:18:21.031] USB: usb_service_win.cc:105 SetupDiGetDeviceProperty({{A45C254E-DF1C-4EFD-8020-67D146A850E0}, 6}) failed: Element not found. (0x490)
Mar 10, 2024 18:18:22.50 [2804:14856:0310/181822.500:ERROR:connection_factory_impl.cc(434)] Failed to connect to MCS endpoint with error -106
Mar 10, 2024 18:18:23.01 [2804:14856:0310/181823.013:ERROR:connection_factory_impl.cc(434)] Failed to connect to MCS endpoint with error -106
Mar 10, 2024 18:19:13.30 [2804:14856:0310/181913.301:ERROR:connection_factory_impl.cc(434)] Failed to connect to MCS endpoint with error -106
Mar 10, 2024 18:20:49.46 [2804:14856:0310/182049.464:ERROR:connection_factory_impl.cc(434)] Failed to connect to MCS endpoint with error -106
Mar 10, 2024 18:24:09.35 [2804:14856:0310/182409.357:ERROR:connection_factory_impl.cc(434)] Failed to connect to MCS endpoint with error -106
Mar 10, 2024 18:30:30.30 [2804:11588:0310/183030.303:ERROR:get_updates_processor.cc(263)] PostClientToServerMessage() failed during GetUpdates with error Network error (ERR_INTERNET_DISCONNECTED)
Mar 10, 2024 18:31:02.83 [2804:14856:0310/183102.838:ERROR:connection_factory_impl.cc(434)] Failed to connect to MCS endpoint with error -106
Mar 10, 2024 18:31:45.31 [2804:11588:0310/183145.313:ERROR:get_updates_processor.cc(263)] PostClientToServerMessage() failed during GetUpdates with error Network error (ERR_INTERNET_DISCONNECTED)
Mar 10, 2024 18:34:52.83 [2804:11588:0310/183452.830:ERROR:get_updates_processor.cc(263)] PostClientToServerMessage() failed during GetUpdates with error Network error (ERR_INTERNET_DISCONNECTED)
Mar 10, 2024 18:39:34.09 [2804:11588:0310/183934.090:ERROR:get_updates_processor.cc(263)] PostClientToServerMessage() failed during GetUpdates with error Network error (ERR_INTERNET_DISCONNECTED)
Mar 10, 2024 18:41:02.85 [2804:14856:0310/184102.853:ERROR:connection_factory_impl.cc(434)] Failed to connect to MCS endpoint with error -106
Mar 10, 2024 18:46:35.98 [2804:11588:0310/184635.983:ERROR:get_updates_processor.cc(263)] PostClientToServerMessage() failed during GetUpdates with error Network error (ERR_INTERNET_DISCONNECTED)
Mar 10, 2024 18:51:02.86 [2804:14856:0310/185102.862:ERROR:connection_factory_impl.cc(434)] Failed to connect to MCS endpoint with error -106
Mar 10, 2024 19:54:02.84 INFO: Created TensorFlow Lite XNNPACK delegate for CPU.
Mar 10, 2024 19:55:48.98 [12516:7268:0310/195548.987:ERROR:connection_factory_impl.cc(478)] ConnectionHandler failed with net error: -2
Mar 11, 2024 10:31:10.19 [12516:7268:0311/103110.197:ERROR:connection_factory_impl.cc(434)] Failed to connect to MCS endpoint with error -105
Mar 11, 2024 10:31:10.29 [12516:14772:0311/103110.294:ERROR:get_updates_processor.cc(263)] PostClientToServerMessage() failed during GetUpdates with error Network error (ERR_INTERNET_DISCONNECTED)
Mar 11, 2024 10:31:34.93 [12516:7268:0311/103134.938:ERROR:connection_factory_impl.cc(434)] Failed to connect to MCS endpoint with error -106
Mar 11, 2024 11:01:38.48 [12516:7268:0311/110138.476:ERROR:connection_factory_impl.cc(434)] Failed to connect to MCS endpoint with error -106
Mar 11, 2024 11:02:22.32 [12516:7268:0311/110222.320:ERROR:connection_factory_impl.cc(434)] Failed to connect to MCS endpoint with error -105
Mar 11, 2024 11:02:23.30 [12516:15344:0311/110223.308:ERROR:device_event_log_impl.cc(192)] [11:02:23.307] USB: usb_service_win.cc:105 SetupDiGetDeviceProperty({{A45C254E-DF1C-4EFD-8020-67D146A850E0}, 6}) failed: Element not found. (0x490)
Mar 11, 2024 11:02:24.78 [12516:7268:0311/110224.780:ERROR:connection_factory_impl.cc(434)] Failed to connect to MCS endpoint with error -106
Mar 11, 2024 11:02:34.34 [12516:7268:0311/110234.349:ERROR:connection_factory_impl.cc(434)] Failed to connect to MCS endpoint with error -105
Mar 11, 2024 11:02:50.94 [12516:7268:0311/110250.947:ERROR:connection_factory_impl.cc(434)] Failed to connect to MCS endpoint with error -105
Mar 11, 2024 11:03:07.04 [12516:7268:0311/110307.048:ERROR:connection_factory_impl.cc(434)] Failed to connect to MCS endpoint with error -106
Mar 11, 2024 11:04:02.52 [12516:7268:0311/110402.526:ERROR:connection_factory_impl.cc(434)] Failed to connect to MCS endpoint with error -105
Mar 11, 2024 11:04:31.44 [12516:7268:0311/110431.444:ERROR:connection_factory_impl.cc(434)] Failed to connect to MCS endpoint with error -105
Mar 11, 2024 11:04:48.74 [12516:7268:0311/110448.743:ERROR:connection_factory_impl.cc(434)] Failed to connect to MCS endpoint with error -106

Mar 14, 2024 10:22:34.47 NEW SESSION
Mar 14, 2024 10:22:34.51 INFO: Created TensorFlow Lite XNNPACK delegate for CPU.
Mar 14, 2024 12:10:08.19 [2632:11684:0314/121008.174:ERROR:connection_factory_impl.cc(478)] ConnectionHandler failed with net error: -2
Mar 14, 2024 12:29:30.85 [2632:11684:0314/122930.851:ERROR:connection_factory_impl.cc(434)] Failed to connect to MCS endpoint with error -105
Mar 14, 2024 12:59:55.36 [2632:13780:0314/125955.354:ERROR:cert_issuer_source_aia.cc(136)] AiaRequest::OnFetchCompleted got error -7
Mar 14, 2024 12:59:55.40 [2632:13780:0314/125955.355:ERROR:cert_verify_proc_builtin.cc(874)] CertVerifyProcBuiltin for sync.richaudience.com failed:
Mar 14, 2024 12:59:55.41 ----- Certificate i=0 (CN=*.richaudience.com) -----
Mar 14, 2024 12:59:55.41 ERROR: No matching issuer found
Mar 14, 2024 12:59:55.42 
Mar 14, 2024 12:59:55.42 
Mar 14, 2024 13:45:08.41 [2632:11684:0314/134508.409:ERROR:connection_factory_impl.cc(434)] Failed to connect to MCS endpoint with error -106
Mar 14, 2024 13:57:43.50 [2632:11684:0314/135743.500:ERROR:connection_factory_impl.cc(434)] Failed to connect to MCS endpoint with error -106
Mar 14, 2024 13:58:06.23 [2632:11684:0314/135806.239:ERROR:connection_factory_impl.cc(434)] Failed to connect to MCS endpoint with error -106
Mar 14, 2024 13:58:56.04 [2632:11684:0314/135856.040:ERROR:connection_factory_impl.cc(434)] Failed to connect to MCS endpoint with error -106
Mar 14, 2024 14:03:53.81 [2632:11684:0314/140353.812:ERROR:connection_factory_impl.cc(478)] ConnectionHandler failed with net error: -2
Mar 14, 2024 16:15:55.61 [2632:11684:0314/161555.612:ERROR:connection_factory_impl.cc(478)] ConnectionHandler failed with net error: -2
Mar 14, 2024 16:19:26.75 [2632:11684:0314/161926.754:ERROR:connection_factory_impl.cc(434)] Failed to connect to MCS endpoint with error -106
Mar 14, 2024 16:19:49.61 [2632:11684:0314/161949.619:ERROR:connection_factory_impl.cc(434)] Failed to connect to MCS endpoint with error -105
Mar 14, 2024 16:19:57.52 [2632:11684:0314/161957.520:ERROR:connection_factory_impl.cc(434)] Failed to connect to MCS endpoint with error -105
Mar 14, 2024 16:19:57.99 [2632:13508:0314/161957.995:ERROR:device_event_log_impl.cc(192)] [16:19:57.993] USB: usb_service_win.cc:105 SetupDiGetDeviceProperty({{A45C254E-DF1C-4EFD-8020-67D146A850E0}, 6}) failed: Element not found. (0x490)
Mar 14, 2024 16:19:59.52 [2632:11684:0314/161959.528:ERROR:connection_factory_impl.cc(434)] Failed to connect to MCS endpoint with error -106
Mar 14, 2024 16:36:51.79 [2632:11684:0314/163651.742:ERROR:connection_factory_impl.cc(478)] ConnectionHandler failed with net error: -2
